<?xml version="1.0" encoding="UTF-8"?>
<testng-results ignored="0" total="2" passed="2" failed="0" skipped="0">
  <reporter-output>
  </reporter-output>
  <suite started-at="2022-10-29T13:53:01 IST" name="All Test Suite" finished-at="2022-10-29T13:53:01 IST" duration-ms="118">
    <groups>
    </groups>
    <test started-at="2022-10-29T13:53:01 IST" name="All Test Cases" finished-at="2022-10-29T13:53:01 IST" duration-ms="118">
      <class name="TestCases">
        <test-method is-config="true" signature="getTestData()[pri:0, instance:TestCases@62ddbd7e]" started-at="2022-10-29T13:53:01 IST" name="getTestData" finished-at="2022-10-29T13:53:01 IST" duration-ms="106" status="PASS">
          <reporter-output>
          </reporter-output>
        </test-method> <!-- getTestData -->
        <test-method signature="checkNoOfForeignPlayers()[pri:0, instance:TestCases@62ddbd7e]" started-at="2022-10-29T13:53:01 IST" name="checkNoOfForeignPlayers" description="Verify that the team has only 4 foreign players" finished-at="2022-10-29T13:53:01 IST" duration-ms="1" status="PASS">
          <reporter-output>
          </reporter-output>
        </test-method> <!-- checkNoOfForeignPlayers -->
        <test-method signature="verifyAtLeastOneWicketKeeper()[pri:0, instance:TestCases@62ddbd7e]" started-at="2022-10-29T13:53:01 IST" name="verifyAtLeastOneWicketKeeper" description="Verify that there is at least one wicket keeper" finished-at="2022-10-29T13:53:01 IST" duration-ms="0" status="PASS">
          <reporter-output>
          </reporter-output>
        </test-method> <!-- verifyAtLeastOneWicketKeeper -->
      </class> <!-- TestCases -->
    </test> <!-- All Test Cases -->
  </suite> <!-- All Test Suite -->
</testng-results>
